<?xml version="1.0" encoding="UTF-8"?>
<!-- Generated by org.testng.reporters.JUnitReportReporter -->
<testsuite hostname="DESKTOP-3JE7AA9" failures="0" tests="1" name="pcori" time="11.269" errors="0" timestamp="2025-07-04T14:36:27 GMT-04:00" skipped="0">
  <testcase classname="pcori" name="main" time="11.269"/>
</testsuite> <!-- pcori -->
